<?xml version="1.0" encoding="UTF-8"?>
<!-- Generated by org.testng.reporters.JUnitReportReporter -->
<testsuite hostname="DESKTOP-HCK84SG" failures="0" tests="1" name="TestNG_Test_Cases.Login_Test_Case" time="21.113" errors="0" timestamp="2023-11-01T11:47:38 IST" skipped="0">
  <testcase classname="TestNG_Test_Cases.Login_Test_Case" name="login" time="21.113">
    <system-out>
      <![CDATA[Executing register test case....]]>
    </system-out>
  </testcase> <!-- login -->
  <system-out>
    <![CDATA[Executing register test case....
Executing register test case....
Executing register test case....]]>
  </system-out>
</testsuite> <!-- TestNG_Test_Cases.Login_Test_Case -->
