<?xml version="1.0" encoding="UTF-8"?>
<!-- Generated by org.testng.reporters.JUnitReportReporter -->
<testsuite hostname="DESKTOP-HCK84SG" failures="0" tests="5" name="TestNG_Basics.Parallel_Execution" time="649.176" errors="0" timestamp="2023-11-01T11:28:19 IST" skipped="0">
  <testcase classname="TestNG_Basics.Parallel_Execution" name="register" time="119.529">
    <system-out>
      <![CDATA[Executing register test case....]]>
    </system-out>
  </testcase> <!-- register -->
  <testcase classname="TestNG_Basics.Parallel_Execution" name="register" time="152.352">
    <system-out>
      <![CDATA[Executing register test case....]]>
    </system-out>
  </testcase> <!-- register -->
  <testcase classname="TestNG_Basics.Parallel_Execution" name="register" time="114.963">
    <system-out>
      <![CDATA[Executing register test case....]]>
    </system-out>
  </testcase> <!-- register -->
  <testcase classname="TestNG_Basics.Parallel_Execution" name="register" time="118.076">
    <system-out>
      <![CDATA[Executing register test case....]]>
    </system-out>
  </testcase> <!-- register -->
  <testcase classname="TestNG_Basics.Parallel_Execution" name="register" time="144.256">
    <system-out>
      <![CDATA[Executing register test case....]]>
    </system-out>
  </testcase> <!-- register -->
  <system-out>
    <![CDATA[Executing register test case....
Executing register test case....
Executing register test case....
Executing register test case....
Executing register test case....]]>
  </system-out>
</testsuite> <!-- TestNG_Basics.Parallel_Execution -->
