<?xml version="1.0" encoding="UTF-8"?>
<!-- Generated by org.testng.reporters.JUnitReportReporter -->
<testsuite hostname="DESKTOP-HCK84SG" failures="0" tests="3" name="TestNG_Basics.Priority_Attribute" time="0.021" errors="0" timestamp="2023-11-04T21:35:44 IST" skipped="0">
  <testcase classname="TestNG_Basics.Priority_Attribute" name="search" time="0.015">
    <system-out>
      <![CDATA[Executing search test case....]]>
    </system-out>
  </testcase> <!-- search -->
  <testcase classname="TestNG_Basics.Priority_Attribute" name="login" time="0.003">
    <system-out>
      <![CDATA[Executing login test case....]]>
    </system-out>
  </testcase> <!-- login -->
  <testcase classname="TestNG_Basics.Priority_Attribute" name="register" time="0.003">
    <system-out>
      <![CDATA[Executing register test case....]]>
    </system-out>
  </testcase> <!-- register -->
  <system-out>
    <![CDATA[Executing search test case....
Executing login test case....
Executing register test case....]]>
  </system-out>
</testsuite> <!-- TestNG_Basics.Priority_Attribute -->
