<?xml version="1.0" encoding="UTF-8"?>
<!-- Generated by org.testng.reporters.JUnitReportReporter -->
<testsuite hostname="DESKTOP-HCK84SG" failures="0" tests="3" name="TestNG_Basics.Depends_On_Methods_Attribute" time="0.029" errors="0" timestamp="2023-11-01T11:07:53 IST" skipped="0">
  <testcase classname="TestNG_Basics.Depends_On_Methods_Attribute" name="register" time="0.022">
    <system-out>
      <![CDATA[Executing register test case....]]>
    </system-out>
  </testcase> <!-- register -->
  <testcase classname="TestNG_Basics.Depends_On_Methods_Attribute" name="login" time="0.004">
    <system-out>
      <![CDATA[Executing login test case....]]>
    </system-out>
  </testcase> <!-- login -->
  <testcase classname="TestNG_Basics.Depends_On_Methods_Attribute" name="search" time="0.003">
    <system-out>
      <![CDATA[Executing search test case....]]>
    </system-out>
  </testcase> <!-- search -->
  <system-out>
    <![CDATA[Executing register test case....
Executing login test case....
Executing search test case....]]>
  </system-out>
</testsuite> <!-- TestNG_Basics.Depends_On_Methods_Attribute -->
