<?xml version="1.0" encoding="UTF-8"?>
<!-- Generated by org.testng.reporters.JUnitReportReporter -->
<testsuite hostname="DESKTOP-HCK84SG" failures="0" tests="3" name="TestNG_Basics.Enabled_Attribute" time="0.028" errors="0" timestamp="2023-11-01T11:17:11 IST" skipped="1">
  <testcase classname="TestNG_Basics.Enabled_Attribute" name="register" time="0.004">
    <system-out>
      <![CDATA[Executing register test case....]]>
    </system-out>
  </testcase> <!-- register -->
  <testcase classname="TestNG_Basics.Enabled_Attribute" name="login" time="0.024">
    <system-out>
      <![CDATA[Executing login test case....]]>
    </system-out>
  </testcase> <!-- login -->
  <testcase classname="TestNG_Basics.Enabled_Attribute" name="search">
    <skipped/>
  </testcase> <!-- search -->
  <system-out>
    <![CDATA[Executing login test case....
Executing register test case....]]>
  </system-out>
</testsuite> <!-- TestNG_Basics.Enabled_Attribute -->
