<?xml version="1.0" encoding="UTF-8"?>
<!-- Generated by org.testng.reporters.JUnitReportReporter -->
<testsuite hostname="DESKTOP-HCK84SG" failures="0" tests="3" name="TestNG_Basics.First_TestNG_Class" time="0.034" errors="0" timestamp="2023-11-01T23:54:55 IST" skipped="0">
  <testcase classname="TestNG_Basics.First_TestNG_Class" name="search" time="0.004">
    <system-out>
      <![CDATA[Executing search test case....]]>
    </system-out>
  </testcase> <!-- search -->
  <testcase classname="TestNG_Basics.First_TestNG_Class" name="register" time="0.003">
    <system-out>
      <![CDATA[Executing register test case....]]>
    </system-out>
  </testcase> <!-- register -->
  <testcase classname="TestNG_Basics.First_TestNG_Class" name="login" time="0.027">
    <system-out>
      <![CDATA[Executing login test case....]]>
    </system-out>
  </testcase> <!-- login -->
  <system-out>
    <![CDATA[Executing login test case....
Executing register test case....
Executing search test case....]]>
  </system-out>
</testsuite> <!-- TestNG_Basics.First_TestNG_Class -->
