<?xml version="1.0" encoding="UTF-8"?>
<!-- Generated by org.testng.reporters.JUnitReportReporter -->
<testsuite hostname="DESKTOP-HCK84SG" failures="0" tests="5" name="TestNG_Basics.Invocation_Count_Attribute" time="0.035" errors="0" timestamp="2023-11-01T11:20:16 IST" skipped="0">
  <testcase classname="TestNG_Basics.Invocation_Count_Attribute" name="register" time="0.004">
    <system-out>
      <![CDATA[Executing register test case....]]>
    </system-out>
  </testcase> <!-- register -->
  <testcase classname="TestNG_Basics.Invocation_Count_Attribute" name="register" time="0.003">
    <system-out>
      <![CDATA[Executing register test case....]]>
    </system-out>
  </testcase> <!-- register -->
  <testcase classname="TestNG_Basics.Invocation_Count_Attribute" name="register" time="0.004">
    <system-out>
      <![CDATA[Executing register test case....]]>
    </system-out>
  </testcase> <!-- register -->
  <testcase classname="TestNG_Basics.Invocation_Count_Attribute" name="register" time="0.021">
    <system-out>
      <![CDATA[Executing register test case....]]>
    </system-out>
  </testcase> <!-- register -->
  <testcase classname="TestNG_Basics.Invocation_Count_Attribute" name="register" time="0.003">
    <system-out>
      <![CDATA[Executing register test case....]]>
    </system-out>
  </testcase> <!-- register -->
  <system-out>
    <![CDATA[Executing register test case....
Executing register test case....
Executing register test case....
Executing register test case....
Executing register test case....]]>
  </system-out>
</testsuite> <!-- TestNG_Basics.Invocation_Count_Attribute -->
